[0mGET / [32m200[0m 261.624 ms - 10219[0m
[0mGET /js/home_post_comments.js [33m404[0m 73.148 ms - 163[0m
[0mGET /js/home_posts.js [33m404[0m 49.524 ms - 155[0m
[0mGET /js/toggle_likes.js [33m404[0m 21.518 ms - 157[0m
[0mGET /js/chat_engine.js [33m404[0m 22.911 ms - 156[0m
[0mGET /users/profile/601c05b7aa443d2dfc81dc7f [36m304[0m 50.947 ms - -[0m
[0mGET /css/layout.css [33m404[0m 21.731 ms - 153[0m
[0mGET /css/header.css [33m404[0m 22.127 ms - 153[0m
[0mGET /css/footer.css [33m404[0m 25.998 ms - 153[0m
[0mGET /js/home_post_comments.js [33m404[0m 14.382 ms - 163[0m
[0mGET /users/profile/6032d7128d31900a1c8306f3 [32m200[0m 27.215 ms - 1937[0m
[0mGET /css/layout.css [33m404[0m 8.249 ms - 153[0m
[0mGET /css/header.css [33m404[0m 15.983 ms - 153[0m
[0mGET /css/user_profile.css [33m404[0m 18.033 ms - 159[0m
[0mGET /css/footer.css [33m404[0m 18.227 ms - 153[0m
[0mGET /css/layout.css [33m404[0m 28.271 ms - 153[0m
[0mGET /css/header.css [33m404[0m 30.679 ms - 153[0m
[0mGET /css/footer.css [33m404[0m 34.874 ms - 153[0m
[0mGET /likes/toggle/?id=603560b6c054852294f8b390&type=Comment [33m404[0m 10.994 ms - 152[0m
[0mGET /css/layout.css [33m404[0m 67.300 ms - 153[0m
[0mGET /css/header.css [33m404[0m 72.326 ms - 153[0m
[0mGET /css/footer.css [33m404[0m 57.511 ms - 153[0m
[0mGET /likes/toggle/?id=603560aac054852294f8b38f&type=Post [33m404[0m 7.765 ms - 152[0m
[0mGET /css/layout.css [33m404[0m 9.405 ms - 153[0m
[0mGET /css/header.css [33m404[0m 16.322 ms - 153[0m
[0mGET /css/footer.css [33m404[0m 17.247 ms - 153[0m
[0mGET / [36m304[0m 309.946 ms - -[0m
[0mGET /js/home_post_comments.js [33m404[0m 55.677 ms - 163[0m
[0mGET /js/home_posts.js [33m404[0m 45.387 ms - 155[0m
[0mGET /js/toggle_likes.js [33m404[0m 47.971 ms - 157[0m
[0mGET /js/chat_engine.js [33m404[0m 48.519 ms - 156[0m
[0mGET /js/home_post_comments.js [33m404[0m 601.610 ms - 163[0m
[0mGET /js/home_posts.js [33m404[0m 146.924 ms - 155[0m
[0mGET /js/toggle_likes.js [33m404[0m 50.637 ms - 157[0m
[0mGET /js/home_posts.js [33m404[0m 17.856 ms - 155[0m
[0mGET /js/chat_engine.js [33m404[0m 112.622 ms - 156[0m
[0mGET /js/toggle_likes.js [33m404[0m 14.206 ms - 157[0m
[0mGET /js/chat_engine.js [33m404[0m 13.971 ms - 156[0m
[0mGET / [32m200[0m 198.818 ms - 10216[0m
[0mGET /css/layout.css [33m404[0m 70.053 ms - 153[0m
[0mGET /js/home_post_comments.js [33m404[0m 76.177 ms - 163[0m
[0mGET /css/header.css [33m404[0m 57.510 ms - 153[0m
[0mGET /css/chat_box.css [33m404[0m 82.953 ms - 155[0m
[0mGET /css/footer.css [33m404[0m 104.026 ms - 153[0m
[0mGET /css/home.css [33m404[0m 100.855 ms - 151[0m
[0mGET /js/chat_engine.js [33m404[0m 69.306 ms - 156[0m
[0mGET /js/home_posts.js [33m404[0m 30.535 ms - 155[0m
[0mGET /js/toggle_likes.js [33m404[0m 20.732 ms - 157[0m
[0mGET /js/chat_engine.js [33m404[0m 7.995 ms - 156[0m
[0mGET /js/home_post_comments.js [33m404[0m 56.242 ms - 163[0m
[0mGET /css/layout.css [33m404[0m 62.221 ms - 153[0m
[0mGET /css/header.css [33m404[0m 62.263 ms - 153[0m
[0mGET /css/footer.css [33m404[0m 44.777 ms - 153[0m
[0mGET /css/home.css [33m404[0m 67.657 ms - 151[0m
[0mGET /css/chat_box.css [33m404[0m 68.869 ms - 155[0m
[0mGET /js/chat_engine.js [33m404[0m 86.075 ms - 156[0m
[0mGET /js/home_posts.js [33m404[0m 136.912 ms - 155[0m
[0mGET /js/toggle_likes.js [33m404[0m 102.014 ms - 157[0m
[0mGET /js/chat_engine.js [33m404[0m 30.302 ms - 156[0m
[0mGET / [36m304[0m 66.479 ms - -[0m
[0mGET /css/layout.css [33m404[0m 7.986 ms - 153[0m
[0mGET /css/header.css [33m404[0m 8.383 ms - 153[0m
[0mGET /js/home_post_comments.js [33m404[0m 19.213 ms - 163[0m
[0mGET /js/home_posts.js [33m404[0m 25.775 ms - 155[0m
[0mGET /css/home.css [33m404[0m 31.560 ms - 151[0m
[0mGET /css/chat_box.css [33m404[0m 43.799 ms - 155[0m
[0mGET /js/toggle_likes.js [33m404[0m 34.125 ms - 157[0m
[0mGET /css/footer.css [33m404[0m 51.265 ms - 153[0m
[0mGET /js/chat_engine.js [33m404[0m 31.525 ms - 156[0m
[0mGET /js/home_post_comments.js [33m404[0m 35.503 ms - 163[0m
[0mGET /css/layout.css [33m404[0m 58.213 ms - 153[0m
[0mGET /css/header.css [33m404[0m 64.857 ms - 153[0m
[0mGET /css/footer.css [33m404[0m 64.322 ms - 153[0m
[0mGET /css/chat_box.css [33m404[0m 66.103 ms - 155[0m
[0mGET /css/home.css [33m404[0m 71.740 ms - 151[0m
[0mGET /js/home_posts.js [33m404[0m 49.992 ms - 155[0m
[0mGET /js/chat_engine.js [33m404[0m 57.655 ms - 156[0m
[0mGET /js/toggle_likes.js [33m404[0m 59.033 ms - 157[0m
[0mGET /js/chat_engine.js [33m404[0m 12.599 ms - 156[0m
[0mGET / [36m304[0m 79.413 ms - -[0m
[0mGET /js/home_post_comments.js [33m404[0m 55.292 ms - 163[0m
[0mGET /css/layout.css [33m404[0m 48.586 ms - 153[0m
[0mGET /css/header.css [33m404[0m 78.595 ms - 153[0m
[0mGET /css/chat_box.css [33m404[0m 70.071 ms - 155[0m
[0mGET /css/footer.css [33m404[0m 84.014 ms - 153[0m
[0mGET /css/home.css [33m404[0m 129.513 ms - 151[0m
[0mGET /js/chat_engine.js [33m404[0m 54.923 ms - 156[0m
[0mGET /js/home_posts.js [33m404[0m 23.791 ms - 155[0m
[0mGET /js/toggle_likes.js [33m404[0m 28.270 ms - 157[0m
[0mGET /js/chat_engine.js [33m404[0m 14.331 ms - 156[0m
[0mGET / [36m304[0m 84.402 ms - -[0m
[0mGET /js/home_post_comments.js [33m404[0m 51.533 ms - 163[0m
[0mGET /css/layout.css [33m404[0m 645.119 ms - 153[0m
[0mGET /css/header.css [33m404[0m 647.953 ms - 153[0m
[0mGET /css/footer.css [33m404[0m 653.111 ms - 153[0m
[0mGET /css/home.css [33m404[0m 656.284 ms - 151[0m
[0mGET /css/chat_box.css [33m404[0m 703.353 ms - 155[0m
[0mGET /js/home_posts.js [33m404[0m 149.493 ms - 155[0m
[0mGET /js/toggle_likes.js [33m404[0m 63.110 ms - 157[0m
[0mGET /js/chat_engine.js [33m404[0m 64.189 ms - 156[0m
[0mGET /js/chat_engine.js [33m404[0m 12.316 ms - 156[0m
[0mGET / [36m304[0m 97.457 ms - -[0m
[0mGET /css/layout.css [33m404[0m 11.462 ms - 153[0m
[0mGET /css/header.css [33m404[0m 14.635 ms - 153[0m
[0mGET /js/home_posts.js [33m404[0m 68.555 ms - 155[0m
[0mGET /js/home_post_comments.js [33m404[0m 66.417 ms - 163[0m
[0mGET /js/toggle_likes.js [33m404[0m 76.751 ms - 157[0m
[0mGET /css/footer.css [33m404[0m 76.617 ms - 153[0m
[0mGET /css/home.css [33m404[0m 79.042 ms - 151[0m
[0mGET /css/chat_box.css [33m404[0m 83.101 ms - 155[0m
[0mGET /js/chat_engine.js [33m404[0m 24.096 ms - 156[0m
[0mGET /js/home_posts.js [33m404[0m 8.574 ms - 155[0m
[0mGET /js/toggle_likes.js [33m404[0m 13.657 ms - 157[0m
[0mGET /js/chat_engine.js [33m404[0m 10.295 ms - 156[0m
[0mGET / [36m304[0m 63.017 ms - -[0m
[0mGET /js/home_post_comments.js [33m404[0m 37.588 ms - 163[0m
[0mGET /css/footer.css [33m404[0m 35.586 ms - 153[0m
[0mGET /css/home.css [33m404[0m 34.911 ms - 151[0m
[0mGET /css/header.css [33m404[0m 36.466 ms - 153[0m
[0mGET /css/chat_box.css [33m404[0m 41.658 ms - 155[0m
[0mGET /css/layout.css [33m404[0m 48.021 ms - 153[0m
[0mGET /js/chat_engine.js [33m404[0m 26.370 ms - 156[0m
[0mGET /js/home_posts.js [33m404[0m 29.203 ms - 155[0m
[0mGET /js/toggle_likes.js [33m404[0m 29.631 ms - 157[0m
[0mGET /js/chat_engine.js [33m404[0m 15.912 ms - 156[0m
[0mGET / [36m304[0m 228.033 ms - -[0m
[0mGET /js/home_post_comments.js [33m404[0m 79.831 ms - 163[0m
[0mGET /js/home_posts.js [33m404[0m 84.824 ms - 155[0m
[0mGET /js/chat_engine.js [33m404[0m 48.304 ms - 156[0m
[0mGET /js/toggle_likes.js [33m404[0m 66.923 ms - 157[0m
[0mGET /js/chat_engine.js [33m404[0m 6.369 ms - 156[0m
[0mGET /js/home_post_comments.js [33m404[0m 84.226 ms - 163[0m
[0mGET /css/chat_box.css [33m404[0m 27.158 ms - 155[0m
[0mGET /css/home.css [33m404[0m 26.632 ms - 151[0m
[0mGET /css/header.css [33m404[0m 16.027 ms - 153[0m
[0mGET /css/footer.css [33m404[0m 23.240 ms - 153[0m
[0mGET /css/layout.css [33m404[0m 19.508 ms - 153[0m
[0mGET /js/toggle_likes.js [33m404[0m 5.075 ms - 157[0m
[0mGET /js/chat_engine.js [33m404[0m 2.952 ms - 156[0m
[0mGET /js/home_posts.js [33m404[0m 44.504 ms - 155[0m
[0mGET /js/chat_engine.js [33m404[0m 31.662 ms - 156[0m
[0mGET / [32m200[0m 544.377 ms - 6669[0m
[0mGET /js/home_post_comments.js [33m404[0m 7.043 ms - 163[0m
[0mGET /css/layout.css [33m404[0m 17.028 ms - 153[0m
[0mGET /css/chat_box.css [33m404[0m 11.021 ms - 155[0m
[0mGET /css/header.css [33m404[0m 20.401 ms - 153[0m
[0mGET /css/footer.css [33m404[0m 20.832 ms - 153[0m
[0mGET /css/home.css [33m404[0m 21.441 ms - 151[0m
[0mGET /js/home_posts.js [33m404[0m 13.701 ms - 155[0m
[0mGET /js/chat_engine.js [33m404[0m 3.903 ms - 156[0m
[0mGET /js/toggle_likes.js [33m404[0m 9.050 ms - 157[0m
[0mGET /js/chat_engine.js [33m404[0m 2.908 ms - 156[0m
[0mGET / [36m304[0m 204.159 ms - -[0m
[0mGET /js/home_post_comments.js [33m404[0m 16.606 ms - 163[0m
[0mGET /js/toggle_likes.js [33m404[0m 22.919 ms - 157[0m
[0mGET /js/home_posts.js [33m404[0m 39.166 ms - 155[0m
[0mGET /js/chat_engine.js [33m404[0m 70.584 ms - 156[0m
[0mGET /js/home_posts.js [33m404[0m 12.194 ms - 155[0m
[0mGET /js/toggle_likes.js [33m404[0m 7.999 ms - 157[0m
[0mGET /js/chat_engine.js [33m404[0m 3.027 ms - 156[0m
[0mGET /users/sign-in [32m200[0m 19.444 ms - 2082[0m
[0mGET /users/css/layout.css [33m404[0m 19.278 ms - 159[0m
[0mGET /users/css/header.css [33m404[0m 16.945 ms - 159[0m
[0mGET /users/css/footer.css [33m404[0m 22.141 ms - 159[0m
[0mPOST /users/create-session [36m302[0m 82.567 ms - 46[0m
[0mGET / [32m200[0m 59.541 ms - 10507[0m
[0mGET /js/home_post_comments.js [33m404[0m 32.003 ms - 163[0m
[0mGET /css/layout.css [33m404[0m 33.813 ms - 153[0m
[0mGET /css/home.css [33m404[0m 61.970 ms - 151[0m
[0mGET /css/header.css [33m404[0m 67.443 ms - 153[0m
[0mGET /css/chat_box.css [33m404[0m 395.791 ms - 155[0m
[0mGET /css/footer.css [33m404[0m 409.610 ms - 153[0m
[0mGET /js/toggle_likes.js [33m404[0m 373.164 ms - 157[0m
[0mGET /js/chat_engine.js [33m404[0m 356.633 ms - 156[0m
[0mGET /js/home_posts.js [33m404[0m 376.802 ms - 155[0m
[0mGET /js/toggle_likes.js [33m404[0m 9.527 ms - 157[0m
[0mGET /js/chat_engine.js [33m404[0m 9.335 ms - 156[0m
[0mGET / [32m200[0m 57.077 ms - 10216[0m
[0mGET /js/home_post_comments.js [33m404[0m 43.679 ms - 163[0m
[0mGET /css/layout.css [33m404[0m 48.806 ms - 153[0m
[0mGET /css/header.css [33m404[0m 48.145 ms - 153[0m
[0mGET /css/home.css [33m404[0m 50.272 ms - 151[0m
[0mGET /css/chat_box.css [33m404[0m 51.802 ms - 155[0m
[0mGET /css/footer.css [33m404[0m 61.588 ms - 153[0m
[0mGET /js/toggle_likes.js [33m404[0m 49.923 ms - 157[0m
[0mGET /js/home_posts.js [33m404[0m 33.091 ms - 155[0m
[0mGET /js/chat_engine.js [33m404[0m 33.032 ms - 156[0m
[0mGET /js/toggle_likes.js [33m404[0m 18.136 ms - 157[0m
[0mGET /js/chat_engine.js [33m404[0m 6.264 ms - 156[0m
[0mGET / [36m304[0m 46.191 ms - -[0m
[0mGET /js/home_post_comments.js [33m404[0m 46.305 ms - 163[0m
[0mGET /css/layout.css [33m404[0m 50.465 ms - 153[0m
[0mGET /css/header.css [33m404[0m 47.637 ms - 153[0m
[0mGET /css/footer.css [33m404[0m 55.938 ms - 153[0m
[0mGET /css/home.css [33m404[0m 60.668 ms - 151[0m
[0mGET /css/chat_box.css [33m404[0m 54.773 ms - 155[0m
[0mGET /js/toggle_likes.js [33m404[0m 41.485 ms - 157[0m
[0mGET /js/home_posts.js [33m404[0m 24.712 ms - 155[0m
[0mGET /js/chat_engine.js [33m404[0m 31.140 ms - 156[0m
[0mGET /js/toggle_likes.js [33m404[0m 9.671 ms - 157[0m
[0mGET /js/chat_engine.js [33m404[0m 10.726 ms - 156[0m
[0mGET / [36m304[0m 53.709 ms - -[0m
[0mGET /js/home_post_comments.js [33m404[0m 48.366 ms - 163[0m
[0mGET /css/header.css [33m404[0m 82.139 ms - 153[0m
[0mGET /css/layout.css [33m404[0m 96.635 ms - 153[0m
[0mGET /css/chat_box.css [33m404[0m 116.559 ms - 155[0m
[0mGET /css/footer.css [33m404[0m 104.882 ms - 153[0m
[0mGET /css/home.css [33m404[0m 116.378 ms - 151[0m
[0mGET /js/home_posts.js [33m404[0m 182.221 ms - 155[0m
[0mGET /js/toggle_likes.js [33m404[0m 62.105 ms - 157[0m
[0mGET /js/chat_engine.js [33m404[0m 44.636 ms - 156[0m
[0mGET / [36m304[0m 55.279 ms - -[0m
[0mGET /js/home_post_comments.js [33m404[0m 28.694 ms - 163[0m
[0mGET /css/layout.css [33m404[0m 27.759 ms - 153[0m
[0mGET /css/chat_box.css [33m404[0m 29.709 ms - 155[0m
[0mGET /css/home.css [33m404[0m 41.834 ms - 151[0m
[0mGET /css/header.css [33m404[0m 42.057 ms - 153[0m
[0mGET /css/footer.css [33m404[0m 40.114 ms - 153[0m
[0mGET /js/home_posts.js [33m404[0m 48.889 ms - 155[0m
[0mGET /js/toggle_likes.js [33m404[0m 48.630 ms - 157[0m
[0mGET /js/chat_engine.js [33m404[0m 30.551 ms - 156[0m
[0mGET /css/layout.css [33m404[0m 10.029 ms - 153[0m
[0mGET /js/home_post_comments.js [33m404[0m 27.096 ms - 163[0m
[0mGET /js/toggle_likes.js [33m404[0m 39.852 ms - 157[0m
[0mGET /js/chat_engine.js [33m404[0m 40.674 ms - 156[0m
[0mGET /js/home_post_comments.js [33m404[0m 36.517 ms - 163[0m
[0mGET /css/home.css [33m404[0m 34.768 ms - 151[0m
[0mGET /css/layout.css [33m404[0m 35.468 ms - 153[0m
[0mGET /css/header.css [33m404[0m 46.287 ms - 153[0m
[0mGET /css/footer.css [33m404[0m 37.788 ms - 153[0m
[0mGET /css/chat_box.css [33m404[0m 42.415 ms - 155[0m
[0mGET /js/home_posts.js [33m404[0m 15.094 ms - 155[0m
[0mGET /js/toggle_likes.js [33m404[0m 6.807 ms - 157[0m
[0mGET /js/chat_engine.js [33m404[0m 5.203 ms - 156[0m
[0mGET / [36m304[0m 162.933 ms - -[0m
[0mGET /js/home_post_comments.js [33m404[0m 121.669 ms - 163[0m
[0mGET /js/toggle_likes.js [33m404[0m 48.535 ms - 157[0m
[0mGET /js/chat_engine.js [33m404[0m 49.144 ms - 156[0m
[0mGET /js/home_posts.js [33m404[0m 71.154 ms - 155[0m
[0mGET /js/toggle_likes.js [33m404[0m 10.272 ms - 157[0m
[0mGET /js/chat_engine.js [33m404[0m 6.088 ms - 156[0m
[0mGET / [36m304[0m 57.187 ms - -[0m
[0mGET /css/header.css [33m404[0m 57.674 ms - 153[0m
[0mGET /js/home_posts.js [33m404[0m 42.237 ms - 155[0m
[0mGET /js/home_post_comments.js [33m404[0m 45.377 ms - 163[0m
[0mGET /css/layout.css [33m404[0m 64.930 ms - 153[0m
[0mGET /css/footer.css [33m404[0m 143.351 ms - 153[0m
[0mGET /css/home.css [33m404[0m 146.646 ms - 151[0m
[0mGET /js/toggle_likes.js [33m404[0m 52.863 ms - 157[0m
[0mGET /js/chat_engine.js [33m404[0m 57.535 ms - 156[0m
[0mGET /css/chat_box.css [33m404[0m 48.722 ms - 155[0m
[0mGET /js/home_posts.js [33m404[0m 7.736 ms - 155[0m
[0mGET /js/toggle_likes.js [33m404[0m 13.518 ms - 157[0m
[0mGET /js/chat_engine.js [33m404[0m 6.474 ms - 156[0m
[0mGET / [36m304[0m 63.439 ms - -[0m
[0mGET /css/layout.css [33m404[0m 13.678 ms - 153[0m
[0mGET /js/home_post_comments.js [33m404[0m 58.460 ms - 163[0m
[0mGET /js/home_posts.js [33m404[0m 65.853 ms - 155[0m
[0mGET /css/header.css [33m404[0m 54.604 ms - 153[0m
[0mGET /css/footer.css [33m404[0m 60.950 ms - 153[0m
[0mGET /css/home.css [33m404[0m 64.774 ms - 151[0m
[0mGET /css/chat_box.css [33m404[0m 78.460 ms - 155[0m
[0mGET /js/toggle_likes.js [33m404[0m 77.330 ms - 157[0m
[0mGET /js/chat_engine.js [33m404[0m 72.919 ms - 156[0m
[0mGET /js/home_posts.js [33m404[0m 22.299 ms - 155[0m
[0mGET /js/toggle_likes.js [33m404[0m 22.973 ms - 157[0m
[0mGET /js/chat_engine.js [33m404[0m 6.077 ms - 156[0m
[0mGET / [36m304[0m 70.034 ms - -[0m
[0mGET /css/layout.css [33m404[0m 40.017 ms - 153[0m
[0mGET /js/home_post_comments.js [33m404[0m 40.069 ms - 163[0m
[0mGET /css/header.css [33m404[0m 51.629 ms - 153[0m
[0mGET /css/footer.css [33m404[0m 49.226 ms - 153[0m
[0mGET /css/home.css [33m404[0m 52.452 ms - 151[0m
[0mGET /css/chat_box.css [33m404[0m 61.947 ms - 155[0m
[0mGET /js/home_posts.js [33m404[0m 19.634 ms - 155[0m
[0mGET /js/chat_engine.js [33m404[0m 27.275 ms - 156[0m
[0mGET /js/toggle_likes.js [33m404[0m 28.838 ms - 157[0m
[0mGET /js/chat_engine.js [33m404[0m 11.678 ms - 156[0m
[0mGET / [36m304[0m 116.936 ms - -[0m
[0mGET /js/home_post_comments.js [33m404[0m 82.256 ms - 163[0m
[0mGET /js/chat_engine.js [33m404[0m 38.573 ms - 156[0m
[0mGET /js/home_posts.js [33m404[0m 38.834 ms - 155[0m
[0mGET /js/toggle_likes.js [33m404[0m 60.122 ms - 157[0m
[0mGET /js/chat_engine.js [33m404[0m 4.671 ms - 156[0m
[0mGET /likes/toggle/?id=603560aac054852294f8b38f&type=Post [33m404[0m 8.779 ms - 152[0m
[0mGET /js/home_post_comments.js [33m404[0m 27.732 ms - 163[0m
[0mGET /js/home_posts.js [33m404[0m 27.809 ms - 155[0m
[0mGET /js/chat_engine.js [33m404[0m 33.689 ms - 156[0m
[0mGET /js/toggle_likes.js [33m404[0m 40.116 ms - 157[0m
[0mGET /js/chat_engine.js [33m404[0m 5.148 ms - 156[0m
[0mGET /likes/toggle/?id=60325100649834322465486c&type=Post [33m404[0m 7.746 ms - 152[0m
[0mGET /js/home_post_comments.js [33m404[0m 35.968 ms - 163[0m
[0mGET /js/home_posts.js [33m404[0m 36.740 ms - 155[0m
[0mGET /js/chat_engine.js [33m404[0m 33.975 ms - 156[0m
[0mGET /js/toggle_likes.js [33m404[0m 36.529 ms - 157[0m
[0mGET /js/chat_engine.js [33m404[0m 4.317 ms - 156[0m
[0mGET / [36m304[0m 60.264 ms - -[0m
[0mGET /js/home_post_comments.js [33m404[0m 26.731 ms - 163[0m
[0mGET /js/home_posts.js [33m404[0m 27.715 ms - 155[0m
[0mGET /css/header.css [33m404[0m 36.131 ms - 153[0m
[0mGET /css/layout.css [33m404[0m 36.164 ms - 153[0m
[0mGET /css/home.css [33m404[0m 39.328 ms - 151[0m
[0mGET /css/footer.css [33m404[0m 40.374 ms - 153[0m
[0mGET /js/toggle_likes.js [33m404[0m 35.537 ms - 157[0m
[0mGET /css/chat_box.css [33m404[0m 31.932 ms - 155[0m
[0mGET /js/chat_engine.js [33m404[0m 28.007 ms - 156[0m
[0mGET /js/home_posts.js [33m404[0m 10.959 ms - 155[0m
[0mGET /js/toggle_likes.js [33m404[0m 6.044 ms - 157[0m
[0mGET /js/chat_engine.js [33m404[0m 7.158 ms - 156[0m
[0mGET / [36m304[0m 46.081 ms - -[0m
[0mGET /js/home_post_comments.js [33m404[0m 29.087 ms - 163[0m
[0mGET /css/header.css [33m404[0m 31.803 ms - 153[0m
[0mGET /css/layout.css [33m404[0m 37.936 ms - 153[0m
[0mGET /css/footer.css [33m404[0m 41.657 ms - 153[0m
[0mGET /css/chat_box.css [33m404[0m 67.852 ms - 155[0m
[0mGET /css/home.css [33m404[0m 64.882 ms - 151[0m
[0mGET /js/home_posts.js [33m404[0m 60.592 ms - 155[0m
[0mGET /js/toggle_likes.js [33m404[0m 62.103 ms - 157[0m
[0mGET /js/chat_engine.js [33m404[0m 51.270 ms - 156[0m
[0mGET / [36m304[0m 49.043 ms - -[0m
[0mGET /js/home_post_comments.js [33m404[0m 31.093 ms - 163[0m
[0mGET /css/header.css [33m404[0m 27.735 ms - 153[0m
[0mGET /css/footer.css [33m404[0m 31.409 ms - 153[0m
[0mGET /css/layout.css [33m404[0m 32.786 ms - 153[0m
[0mGET /css/chat_box.css [33m404[0m 42.793 ms - 155[0m
[0mGET /css/home.css [33m404[0m 45.428 ms - 151[0m
[0mGET /js/home_posts.js [33m404[0m 49.990 ms - 155[0m
[0mGET /js/toggle_likes.js [33m404[0m 24.828 ms - 157[0m
[0mGET /js/chat_engine.js [33m404[0m 22.049 ms - 156[0m
[0mGET / [36m304[0m 47.806 ms - -[0m
[0mGET /js/home_post_comments.js [33m404[0m 18.715 ms - 163[0m
[0mGET /css/layout.css [33m404[0m 39.610 ms - 153[0m
[0mGET /css/home.css [33m404[0m 44.400 ms - 151[0m
[0mGET /css/header.css [33m404[0m 50.485 ms - 153[0m
[0mGET /css/footer.css [33m404[0m 52.005 ms - 153[0m
[0mGET /js/home_posts.js [33m404[0m 45.039 ms - 155[0m
[0mGET /css/chat_box.css [33m404[0m 61.000 ms - 155[0m
[0mGET /js/toggle_likes.js [33m404[0m 34.040 ms - 157[0m
[0mGET /js/chat_engine.js [33m404[0m 32.400 ms - 156[0m
[0mGET /js/home_posts.js [33m404[0m 21.052 ms - 155[0m
[0mGET /js/toggle_likes.js [33m404[0m 13.749 ms - 157[0m
[0mGET /js/chat_engine.js [33m404[0m 6.986 ms - 156[0m
[0mGET / [36m304[0m 68.058 ms - -[0m
[0mGET /js/home_post_comments.js [33m404[0m 28.782 ms - 163[0m
[0mGET /css/layout.css [33m404[0m 27.769 ms - 153[0m
[0mGET /css/header.css [33m404[0m 24.313 ms - 153[0m
[0mGET /css/footer.css [33m404[0m 27.183 ms - 153[0m
[0mGET /css/chat_box.css [33m404[0m 47.262 ms - 155[0m
[0mGET /css/home.css [33m404[0m 37.846 ms - 151[0m
[0mGET /js/home_posts.js [33m404[0m 31.780 ms - 155[0m
[0mGET /js/toggle_likes.js [33m404[0m 25.687 ms - 157[0m
[0mGET /js/chat_engine.js [33m404[0m 25.473 ms - 156[0m
[0mGET / [36m304[0m 40.455 ms - -[0m
[0mGET /js/home_post_comments.js [33m404[0m 31.120 ms - 163[0m
[0mGET /css/footer.css [33m404[0m 29.973 ms - 153[0m
[0mGET /css/layout.css [33m404[0m 35.546 ms - 153[0m
[0mGET /css/chat_box.css [33m404[0m 26.996 ms - 155[0m
[0mGET /css/home.css [33m404[0m 43.053 ms - 151[0m
[0mGET /css/header.css [33m404[0m 46.696 ms - 153[0m
[0mGET /js/home_posts.js [33m404[0m 31.250 ms - 155[0m
[0mGET /js/toggle_likes.js [33m404[0m 22.641 ms - 157[0m
[0mGET /js/chat_engine.js [33m404[0m 29.934 ms - 156[0m
[0mGET / [36m304[0m 34.045 ms - -[0m
[0mGET /js/home_post_comments.js [33m404[0m 31.785 ms - 163[0m
[0mGET /css/layout.css [33m404[0m 27.862 ms - 153[0m
[0mGET /css/footer.css [33m404[0m 30.762 ms - 153[0m
[0mGET /css/home.css [33m404[0m 31.276 ms - 151[0m
[0mGET /css/chat_box.css [33m404[0m 37.397 ms - 155[0m
[0mGET /css/header.css [33m404[0m 42.015 ms - 153[0m
[0mGET /js/home_posts.js [33m404[0m 31.440 ms - 155[0m
[0mGET /js/toggle_likes.js [33m404[0m 29.468 ms - 157[0m
[0mGET /js/chat_engine.js [33m404[0m 21.449 ms - 156[0m
[0mGET / [36m304[0m 36.064 ms - -[0m
[0mGET /js/home_post_comments.js [33m404[0m 24.813 ms - 163[0m
[0mGET /css/header.css [33m404[0m 32.442 ms - 153[0m
[0mGET /css/layout.css [33m404[0m 32.210 ms - 153[0m
[0mGET /css/footer.css [33m404[0m 33.376 ms - 153[0m
[0mGET /css/chat_box.css [33m404[0m 35.352 ms - 155[0m
[0mGET /css/home.css [33m404[0m 47.304 ms - 151[0m
[0mGET /js/home_posts.js [33m404[0m 30.796 ms - 155[0m
[0mGET /js/toggle_likes.js [33m404[0m 19.029 ms - 157[0m
[0mGET /js/chat_engine.js [33m404[0m 18.761 ms - 156[0m
[0mGET / [36m304[0m 33.416 ms - -[0m
[0mGET /js/home_post_comments.js [33m404[0m 31.532 ms - 163[0m
[0mGET /css/layout.css [33m404[0m 24.632 ms - 153[0m
[0mGET /css/footer.css [33m404[0m 31.495 ms - 153[0m
[0mGET /css/header.css [33m404[0m 37.092 ms - 153[0m
[0mGET /css/home.css [33m404[0m 37.751 ms - 151[0m
[0mGET /css/chat_box.css [33m404[0m 45.084 ms - 155[0m
[0mGET /js/home_posts.js [33m404[0m 61.655 ms - 155[0m
[0mGET /js/toggle_likes.js [33m404[0m 50.833 ms - 157[0m
[0mGET /js/chat_engine.js [33m404[0m 55.375 ms - 156[0m
[0mGET / [36m304[0m 45.113 ms - -[0m
[0mGET /js/home_post_comments.js [33m404[0m 25.144 ms - 163[0m
[0mGET /css/layout.css [33m404[0m 28.641 ms - 153[0m
[0mGET /css/header.css [33m404[0m 29.264 ms - 153[0m
[0mGET /css/footer.css [33m404[0m 35.399 ms - 153[0m
[0mGET /css/home.css [33m404[0m 39.482 ms - 151[0m
[0mGET /css/chat_box.css [33m404[0m 35.093 ms - 155[0m
[0mGET /js/home_posts.js [33m404[0m 48.155 ms - 155[0m
[0mGET /js/toggle_likes.js [33m404[0m 29.631 ms - 157[0m
[0mGET /js/chat_engine.js [33m404[0m 31.989 ms - 156[0m
[0mGET / [36m304[0m 109.965 ms - -[0m
[0mGET /js/home_post_comments.js [33m404[0m 19.148 ms - 163[0m
[0mGET /js/home_posts.js [33m404[0m 55.079 ms - 155[0m
[0mGET /js/toggle_likes.js [33m404[0m 63.133 ms - 157[0m
[0mGET /js/chat_engine.js [33m404[0m 67.205 ms - 156[0m
[0mGET /users/sign-out [36m302[0m 18.654 ms - 46[0m
[0mGET / [32m200[0m 32.925 ms - 6958[0m
[0mGET /js/home_post_comments.js [33m404[0m 24.746 ms - 163[0m
[0mGET /js/home_posts.js [33m404[0m 10.873 ms - 155[0m
[0mGET /css/header.css [33m404[0m 11.533 ms - 153[0m
[0mGET /css/layout.css [33m404[0m 12.296 ms - 153[0m
[0mGET /css/footer.css [33m404[0m 29.162 ms - 153[0m
[0mGET /css/home.css [33m404[0m 28.380 ms - 151[0m
[0mGET /js/toggle_likes.js [33m404[0m 28.158 ms - 157[0m
[0mGET /css/chat_box.css [33m404[0m 32.108 ms - 155[0m
[0mGET /js/chat_engine.js [33m404[0m 22.860 ms - 156[0m
[0mGET /js/home_posts.js [33m404[0m 7.612 ms - 155[0m
[0mGET /js/toggle_likes.js [33m404[0m 3.691 ms - 157[0m
[0mGET /js/chat_engine.js [33m404[0m 2.510 ms - 156[0m
[0mGET /users/sign-in [36m304[0m 13.156 ms - -[0m
[0mGET /users/css/layout.css [33m404[0m 8.003 ms - 159[0m
[0mGET /users/css/header.css [33m404[0m 9.814 ms - 159[0m
[0mGET /users/css/footer.css [33m404[0m 11.987 ms - 159[0m
[0mPOST /users/create-session [36m302[0m 10.735 ms - 72[0m
[0mGET /users/sign-in [32m200[0m 5.865 ms - 2374[0m
[0mGET /users/css/layout.css [33m404[0m 10.326 ms - 159[0m
[0mGET /users/css/header.css [33m404[0m 12.083 ms - 159[0m
[0mGET /users/css/footer.css [33m404[0m 9.279 ms - 159[0m
[0mGET /users/sign-up [32m200[0m 43.268 ms - 2238[0m
[0mGET /users/css/layout.css [33m404[0m 8.603 ms - 159[0m
[0mGET /users/css/header.css [33m404[0m 8.990 ms - 159[0m
[0mGET /users/css/footer.css [33m404[0m 11.733 ms - 159[0m
[0mPOST /users/create [36m302[0m 9.644 ms - 114[0m
[0mGET /users/sign-up [32m200[0m 9.120 ms - 2545[0m
[0mGET /users/css/layout.css [33m404[0m 5.983 ms - 159[0m
[0mGET /users/css/header.css [33m404[0m 8.173 ms - 159[0m
[0mGET /users/css/footer.css [33m404[0m 9.488 ms - 159[0m
[0mGET /users/sign-in [32m200[0m 8.830 ms - 2082[0m
[0mGET /users/css/layout.css [33m404[0m 11.148 ms - 159[0m
[0mGET /users/css/header.css [33m404[0m 10.646 ms - 159[0m
[0mGET /users/css/footer.css [33m404[0m 8.865 ms - 159[0m
[0mPOST /users/create-session [36m302[0m 8.380 ms - 72[0m
[0mGET /users/sign-in [32m200[0m 7.920 ms - 2374[0m
[0mGET /users/css/layout.css [33m404[0m 5.950 ms - 159[0m
[0mGET /users/css/header.css [33m404[0m 8.926 ms - 159[0m
[0mGET /users/css/footer.css [33m404[0m 9.971 ms - 159[0m
[0mPOST /users/create-session [36m302[0m 9.501 ms - 46[0m
[0mGET / [32m200[0m 43.814 ms - 10100[0m
[0mGET /js/home_post_comments.js [33m404[0m 26.674 ms - 163[0m
[0mGET /css/layout.css [33m404[0m 28.736 ms - 153[0m
[0mGET /css/header.css [33m404[0m 27.910 ms - 153[0m
[0mGET /css/footer.css [33m404[0m 23.403 ms - 153[0m
[0mGET /css/home.css [33m404[0m 29.526 ms - 151[0m
[0mGET /css/chat_box.css [33m404[0m 32.898 ms - 155[0m
[0mGET /js/home_posts.js [33m404[0m 27.480 ms - 155[0m
[0mGET /js/toggle_likes.js [33m404[0m 19.136 ms - 157[0m
[0mGET /js/chat_engine.js [33m404[0m 22.377 ms - 156[0m
[0mPOST /posts/create [36m302[0m 25.873 ms - 88[0m
[0mGET / [32m200[0m 35.508 ms - 11392[0m
[0mGET /js/home_post_comments.js [33m404[0m 32.604 ms - 163[0m
[0mGET /css/home.css [33m404[0m 21.699 ms - 151[0m
[0mGET /css/layout.css [33m404[0m 34.506 ms - 153[0m
[0mGET /css/chat_box.css [33m404[0m 40.934 ms - 155[0m
[0mGET /css/header.css [33m404[0m 41.313 ms - 153[0m
[0mGET /css/footer.css [33m404[0m 40.829 ms - 153[0m
[0mGET /js/toggle_likes.js [33m404[0m 36.477 ms - 157[0m
[0mGET /js/home_posts.js [33m404[0m 28.368 ms - 155[0m
[0mGET /js/chat_engine.js [33m404[0m 35.886 ms - 156[0m
[0mGET /js/toggle_likes.js [33m404[0m 9.811 ms - 157[0m
[0mGET /js/chat_engine.js [33m404[0m 4.668 ms - 156[0m
[0mGET /users/profile/6022935d726dab2858bccdd8 [32m200[0m 29.452 ms - 1944[0m
[0mGET /users/profile/css/layout.css [33m404[0m 23.899 ms - 167[0m
[0mGET /users/profile/css/header.css [33m404[0m 21.019 ms - 167[0m
[0mGET /users/profile/css/footer.css [33m404[0m 22.384 ms - 167[0m
[0mGET / [36m304[0m 34.582 ms - -[0m
[0mGET /js/home_post_comments.js [33m404[0m 26.306 ms - 163[0m
[0mGET /css/chat_box.css [33m404[0m 18.062 ms - 155[0m
[0mGET /css/layout.css [33m404[0m 30.827 ms - 153[0m
[0mGET /css/header.css [33m404[0m 30.888 ms - 153[0m
[0mGET /css/footer.css [33m404[0m 32.447 ms - 153[0m
[0mGET /css/home.css [33m404[0m 34.284 ms - 151[0m
[0mGET /js/home_posts.js [33m404[0m 34.692 ms - 155[0m
[0mGET /js/toggle_likes.js [33m404[0m 35.004 ms - 157[0m
[0mGET /js/chat_engine.js [33m404[0m 34.095 ms - 156[0m
[0mGET /users/profile/6032d7128d31900a1c8306f3 [32m200[0m 14.609 ms - 1952[0m
[0mGET /users/profile/css/layout.css [33m404[0m 13.293 ms - 167[0m
[0mGET /users/profile/css/header.css [33m404[0m 16.808 ms - 167[0m
[0mGET /users/profile/css/footer.css [33m404[0m 20.216 ms - 167[0m
[0mGET /css/user_profile.css [33m404[0m 16.296 ms - 159[0m
[0mGET /users/profile [33m404[0m 11.170 ms - 152[0m
[0mGET /users/profile/css/layout.css [33m404[0m 16.020 ms - 167[0m
[0mGET /users/profile/css/header.css [33m404[0m 15.814 ms - 167[0m
[0mGET /users/profile/css/footer.css [33m404[0m 21.997 ms - 167[0m
[0mGET /css/user_profile.css [33m404[0m 18.162 ms - 159[0m
[0mGET / [36m304[0m 53.862 ms - -[0m
[0mGET /js/home_post_comments.js [33m404[0m 19.956 ms - 163[0m
[0mGET /css/layout.css [33m404[0m 23.016 ms - 153[0m
[0mGET /css/chat_box.css [33m404[0m 17.076 ms - 155[0m
[0mGET /css/header.css [33m404[0m 24.352 ms - 153[0m
[0mGET /css/footer.css [33m404[0m 25.827 ms - 153[0m
[0mGET /css/home.css [33m404[0m 30.371 ms - 151[0m
[0mGET /js/home_posts.js [33m404[0m 25.488 ms - 155[0m
[0mGET /js/toggle_likes.js [33m404[0m 32.107 ms - 157[0m
[0mGET /js/chat_engine.js [33m404[0m 34.959 ms - 156[0m
[0mGET /users/profile/6022935d726dab2858bccdd8 [36m304[0m 13.047 ms - -[0m
[0mGET /users/profile/css/layout.css [33m404[0m 12.348 ms - 167[0m
[0mGET /users/profile/css/header.css [33m404[0m 15.516 ms - 167[0m
[0mGET /users/profile/css/footer.css [33m404[0m 18.637 ms - 167[0m
[0mGET /css/user_profile.css [33m404[0m 15.009 ms - 159[0m
[0mGET / [36m304[0m 34.650 ms - -[0m
[0mGET /js/home_post_comments.js [33m404[0m 21.073 ms - 163[0m
[0mGET /css/footer.css [33m404[0m 25.822 ms - 153[0m
[0mGET /css/layout.css [33m404[0m 26.716 ms - 153[0m
[0mGET /css/home.css [33m404[0m 27.711 ms - 151[0m
[0mGET /css/header.css [33m404[0m 32.810 ms - 153[0m
[0mGET /css/chat_box.css [33m404[0m 31.584 ms - 155[0m
[0mGET /js/home_posts.js [33m404[0m 39.832 ms - 155[0m
[0mGET /js/toggle_likes.js [33m404[0m 19.066 ms - 157[0m
[0mGET /js/chat_engine.js [33m404[0m 22.194 ms - 156[0m
[0mGET /users/profile [33m404[0m 9.623 ms - 152[0m
[0mGET /js/home_post_comments.js [33m404[0m 29.113 ms - 163[0m
[0mGET /css/layout.css [33m404[0m 36.083 ms - 153[0m
[0mGET /css/header.css [33m404[0m 38.663 ms - 153[0m
[0mGET /css/footer.css [33m404[0m 47.868 ms - 153[0m
[0mGET /css/home.css [33m404[0m 39.618 ms - 151[0m
[0mGET /css/chat_box.css [33m404[0m 51.737 ms - 155[0m
[0mGET /js/home_posts.js [33m404[0m 34.986 ms - 155[0m
[0mGET /js/toggle_likes.js [33m404[0m 32.712 ms - 157[0m
[0mGET /users/profile/6032d7128d31900a1c8306f3 [36m304[0m 18.183 ms - -[0m
[0mGET /users/profile/css/layout.css [33m404[0m 26.040 ms - 167[0m
[0mGET /users/profile/css/header.css [33m404[0m 27.589 ms - 167[0m
[0mGET /users/profile/css/footer.css [33m404[0m 24.527 ms - 167[0m
[0mGET /css/user_profile.css [33m404[0m 6.830 ms - 159[0m
[0mGET /js/home_post_comments.js [33m404[0m 28.331 ms - 163[0m
[0mGET /js/home_posts.js [33m404[0m 22.147 ms - 155[0m
[0mGET /js/toggle_likes.js [33m404[0m 23.503 ms - 157[0m
[0mGET /users/profile/6032d7128d31900a1c8306f3 [36m304[0m 13.961 ms - -[0m
[0mGET /users/profile/css/layout.css [33m404[0m 17.477 ms - 167[0m
[0mGET /users/profile/css/header.css [33m404[0m 19.108 ms - 167[0m
[0mGET /users/profile/css/footer.css [33m404[0m 25.953 ms - 167[0m
[0mGET /css/user_profile.css [33m404[0m 7.666 ms - 159[0m
[0mGET /css/header.css [33m404[0m 19.259 ms - 153[0m
[0mGET /css/layout.css [33m404[0m 21.513 ms - 153[0m
[0mGET /css/footer.css [33m404[0m 25.486 ms - 153[0m
[0mGET /css/home.css [33m404[0m 28.712 ms - 151[0m
[0mGET /css/chat_box.css [33m404[0m 39.753 ms - 155[0m
[0mGET /likes/toggle/?id=6030f8d367378316100adcca&type=Post [33m404[0m 5.171 ms - 152[0m
[0mGET /css/layout.css [33m404[0m 19.049 ms - 153[0m
[0mGET /css/header.css [33m404[0m 18.990 ms - 153[0m
[0mGET /css/footer.css [33m404[0m 22.240 ms - 153[0m
[0mGET /css/home.css [33m404[0m 24.194 ms - 151[0m
[0mGET /css/chat_box.css [33m404[0m 29.991 ms - 155[0m
[0mGET / [36m304[0m 33.646 ms - -[0m
[0mGET /js/home_post_comments.js [33m404[0m 27.337 ms - 163[0m
[0mGET /css/header.css [33m404[0m 31.861 ms - 153[0m
[0mGET /css/footer.css [33m404[0m 28.679 ms - 153[0m
[0mGET /css/layout.css [33m404[0m 35.173 ms - 153[0m
[0mGET /css/home.css [33m404[0m 36.368 ms - 151[0m
[0mGET /css/chat_box.css [33m404[0m 50.060 ms - 155[0m
[0mGET /js/home_posts.js [33m404[0m 30.154 ms - 155[0m
[0mGET /js/toggle_likes.js [33m404[0m 22.034 ms - 157[0m
[0mGET /js/chat_engine.js [33m404[0m 20.110 ms - 156[0m
[0mGET / [36m304[0m 37.482 ms - -[0m
[0mGET /js/home_post_comments.js [33m404[0m 32.732 ms - 163[0m
[0mGET /css/home.css [33m404[0m 21.655 ms - 151[0m
[0mGET /css/header.css [33m404[0m 37.320 ms - 153[0m
[0mGET /css/layout.css [33m404[0m 37.522 ms - 153[0m
[0mGET /css/chat_box.css [33m404[0m 36.475 ms - 155[0m
[0mGET /css/footer.css [33m404[0m 40.120 ms - 153[0m
[0mGET /js/home_posts.js [33m404[0m 30.906 ms - 155[0m
[0mGET /js/toggle_likes.js [33m404[0m 30.197 ms - 157[0m
[0mGET /js/chat_engine.js [33m404[0m 32.980 ms - 156[0m
[0mGET / [36m304[0m 45.618 ms - -[0m
[0mGET /js/home_post_comments.js [33m404[0m 25.917 ms - 163[0m
[0mGET /css/header.css [33m404[0m 20.159 ms - 153[0m
[0mGET /css/layout.css [33m404[0m 28.184 ms - 153[0m
[0mGET /css/footer.css [33m404[0m 28.708 ms - 153[0m
[0mGET /css/chat_box.css [33m404[0m 29.335 ms - 155[0m
[0mGET /css/home.css [33m404[0m 42.758 ms - 151[0m
[0mGET /js/home_posts.js [33m404[0m 34.241 ms - 155[0m
[0mGET /js/toggle_likes.js [33m404[0m 28.530 ms - 157[0m
[0mGET /js/chat_engine.js [33m404[0m 24.996 ms - 156[0m
[0mGET / [36m304[0m 42.021 ms - -[0m
[0mGET /js/home_post_comments.js [33m404[0m 23.090 ms - 163[0m
[0mGET /css/home.css [33m404[0m 35.474 ms - 151[0m
[0mGET /css/header.css [33m404[0m 33.243 ms - 153[0m
[0mGET /css/layout.css [33m404[0m 21.543 ms - 153[0m
[0mGET /css/footer.css [33m404[0m 36.072 ms - 153[0m
[0mGET /css/chat_box.css [33m404[0m 61.994 ms - 155[0m
[0mGET /js/home_posts.js [33m404[0m 34.744 ms - 155[0m
[0mGET /js/toggle_likes.js [33m404[0m 40.113 ms - 157[0m
[0mGET /js/chat_engine.js [33m404[0m 30.770 ms - 156[0m
[0mGET / [36m304[0m 32.878 ms - -[0m
[0mGET /js/home_post_comments.js [33m404[0m 31.235 ms - 163[0m
[0mGET /css/layout.css [33m404[0m 30.753 ms - 153[0m
[0mGET /css/header.css [33m404[0m 31.157 ms - 153[0m
[0mGET /css/footer.css [33m404[0m 37.640 ms - 153[0m
[0mGET /css/home.css [33m404[0m 35.313 ms - 151[0m
[0mGET /css/chat_box.css [33m404[0m 33.565 ms - 155[0m
[0mGET /js/home_posts.js [33m404[0m 51.809 ms - 155[0m
[0mGET /js/toggle_likes.js [33m404[0m 17.682 ms - 157[0m
[0mGET /js/chat_engine.js [33m404[0m 23.058 ms - 156[0m
[0mGET / [36m304[0m 34.455 ms - -[0m
[0mGET /js/home_post_comments.js [33m404[0m 23.687 ms - 163[0m
[0mGET /css/layout.css [33m404[0m 25.364 ms - 153[0m
[0mGET /css/footer.css [33m404[0m 24.417 ms - 153[0m
[0mGET /css/header.css [33m404[0m 25.312 ms - 153[0m
[0mGET /css/chat_box.css [33m404[0m 22.215 ms - 155[0m
[0mGET /css/home.css [33m404[0m 28.056 ms - 151[0m
[0mGET /js/home_posts.js [33m404[0m 19.402 ms - 155[0m
[0mGET /js/toggle_likes.js [33m404[0m 25.798 ms - 157[0m
[0mGET /js/chat_engine.js [33m404[0m 26.219 ms - 156[0m
